==3225== Memcheck, a memory error detector
==3225== Copyright (C) 2002-2017, and GNU GPL'd, by Julian Seward et al.
==3225== Using Valgrind-3.15.0-608cb11914-20190413 and LibVEX; rerun with -h for copyright info
==3225== Command: ./list
==3225== Parent PID: 2870
==3225== 
--3225-- 
--3225-- Valgrind options:
--3225--    -v
--3225--    --tool=memcheck
--3225--    --leak-check=full
--3225--    --num-callers=40
--3225--    --log-file=valgrind.log
--3225-- Contents of /proc/version:
--3225--   Linux version 5.10.16.3-microsoft-standard-WSL2 (oe-user@oe-host) (x86_64-msft-linux-gcc (GCC) 9.3.0, GNU ld (GNU Binutils) 2.34.0.20200220) #1 SMP Fri Apr 2 22:23:49 UTC 2021
--3225-- 
--3225-- Arch and hwcaps: AMD64, LittleEndian, amd64-cx16-lzcnt-rdtscp-sse3-ssse3-avx-avx2-bmi-f16c-rdrand
--3225-- Page sizes: currently 4096, max supported 4096
--3225-- Valgrind library directory: /usr/lib/x86_64-linux-gnu/valgrind
--3225-- Reading syms from /home/user/list_project/build/list
--3225-- Reading syms from /usr/lib/x86_64-linux-gnu/ld-2.31.so
--3225--   Considering /usr/lib/x86_64-linux-gnu/ld-2.31.so ..
--3225--   .. CRC mismatch (computed 387b17ea wanted d28cf5ef)
--3225--   Considering /lib/x86_64-linux-gnu/ld-2.31.so ..
--3225--   .. CRC mismatch (computed 387b17ea wanted d28cf5ef)
--3225--   Considering /usr/lib/debug/lib/x86_64-linux-gnu/ld-2.31.so ..
--3225--   .. CRC is valid
--3225-- Reading syms from /usr/lib/x86_64-linux-gnu/valgrind/memcheck-amd64-linux
--3225--    object doesn't have a symbol table
--3225--    object doesn't have a dynamic symbol table
--3225-- Scheduler: using generic scheduler lock implementation.
--3225-- Reading suppressions file: /usr/lib/x86_64-linux-gnu/valgrind/default.supp
==3225== embedded gdbserver: reading from /tmp/vgdb-pipe-from-vgdb-to-3225-by-user-on-???
==3225== embedded gdbserver: writing to   /tmp/vgdb-pipe-to-vgdb-from-3225-by-user-on-???
==3225== embedded gdbserver: shared mem   /tmp/vgdb-pipe-shared-mem-vgdb-3225-by-user-on-???
==3225== 
==3225== TO CONTROL THIS PROCESS USING vgdb (which you probably
==3225== don't want to do, unless you know exactly what you're doing,
==3225== or are doing some strange experiment):
==3225==   /usr/lib/x86_64-linux-gnu/valgrind/../../bin/vgdb --pid=3225 ...command...
==3225== 
==3225== TO DEBUG THIS PROCESS USING GDB: start GDB like this
==3225==   /path/to/gdb ./list
==3225== and then give GDB the following command
==3225==   target remote | /usr/lib/x86_64-linux-gnu/valgrind/../../bin/vgdb --pid=3225
==3225== --pid is optional if only one valgrind process is running
==3225== 
--3225-- REDIR: 0x4022d80 (ld-linux-x86-64.so.2:strlen) redirected to 0x580c9ce2 (???)
--3225-- REDIR: 0x4022b50 (ld-linux-x86-64.so.2:index) redirected to 0x580c9cfc (???)
--3225-- Reading syms from /usr/lib/x86_64-linux-gnu/valgrind/vgpreload_core-amd64-linux.so
--3225--    object doesn't have a symbol table
--3225-- Reading syms from /usr/lib/x86_64-linux-gnu/valgrind/vgpreload_memcheck-amd64-linux.so
--3225--    object doesn't have a symbol table
==3225== WARNING: new redirection conflicts with existing -- ignoring it
--3225--     old: 0x04022d80 (strlen              ) R-> (0000.0) 0x580c9ce2 ???
--3225--     new: 0x04022d80 (strlen              ) R-> (2007.0) 0x0483f060 strlen
--3225-- REDIR: 0x401f560 (ld-linux-x86-64.so.2:strcmp) redirected to 0x483ffd0 (strcmp)
--3225-- REDIR: 0x40232e0 (ld-linux-x86-64.so.2:mempcpy) redirected to 0x4843a20 (mempcpy)
--3225-- Reading syms from /usr/lib/x86_64-linux-gnu/libstdc++.so.6.0.28
--3225--    object doesn't have a symbol table
--3225-- Reading syms from /usr/lib/x86_64-linux-gnu/libc-2.31.so
--3225--   Considering /usr/lib/x86_64-linux-gnu/libc-2.31.so ..
--3225--   .. CRC mismatch (computed a6f43087 wanted 6555436e)
--3225--   Considering /lib/x86_64-linux-gnu/libc-2.31.so ..
--3225--   .. CRC mismatch (computed a6f43087 wanted 6555436e)
--3225--   Considering /usr/lib/debug/lib/x86_64-linux-gnu/libc-2.31.so ..
--3225--   .. CRC is valid
--3225-- Reading syms from /usr/lib/x86_64-linux-gnu/libm-2.31.so
--3225--   Considering /usr/lib/x86_64-linux-gnu/libm-2.31.so ..
--3225--   .. CRC mismatch (computed 327d785f wanted 751f5509)
--3225--   Considering /lib/x86_64-linux-gnu/libm-2.31.so ..
--3225--   .. CRC mismatch (computed 327d785f wanted 751f5509)
--3225--   Considering /usr/lib/debug/lib/x86_64-linux-gnu/libm-2.31.so ..
--3225--   .. CRC is valid
--3225-- Reading syms from /usr/lib/x86_64-linux-gnu/libgcc_s.so.1
--3225--    object doesn't have a symbol table
--3225-- REDIR: 0x4ad6600 (libc.so.6:memmove) redirected to 0x48311d0 (_vgnU_ifunc_wrapper)
--3225-- REDIR: 0x4ad5900 (libc.so.6:strncpy) redirected to 0x48311d0 (_vgnU_ifunc_wrapper)
--3225-- REDIR: 0x4ad6930 (libc.so.6:strcasecmp) redirected to 0x48311d0 (_vgnU_ifunc_wrapper)
--3225-- REDIR: 0x4ad5220 (libc.so.6:strcat) redirected to 0x48311d0 (_vgnU_ifunc_wrapper)
--3225-- REDIR: 0x4ad5960 (libc.so.6:rindex) redirected to 0x48311d0 (_vgnU_ifunc_wrapper)
--3225-- REDIR: 0x4ad7dd0 (libc.so.6:rawmemchr) redirected to 0x48311d0 (_vgnU_ifunc_wrapper)
--3225-- REDIR: 0x4af2e60 (libc.so.6:wmemchr) redirected to 0x48311d0 (_vgnU_ifunc_wrapper)
--3225-- REDIR: 0x4af29a0 (libc.so.6:wcscmp) redirected to 0x48311d0 (_vgnU_ifunc_wrapper)
--3225-- REDIR: 0x4ad6760 (libc.so.6:mempcpy) redirected to 0x48311d0 (_vgnU_ifunc_wrapper)
--3225-- REDIR: 0x4ad6590 (libc.so.6:bcmp) redirected to 0x48311d0 (_vgnU_ifunc_wrapper)
--3225-- REDIR: 0x4ad5890 (libc.so.6:strncmp) redirected to 0x48311d0 (_vgnU_ifunc_wrapper)
--3225-- REDIR: 0x4ad52d0 (libc.so.6:strcmp) redirected to 0x48311d0 (_vgnU_ifunc_wrapper)
--3225-- REDIR: 0x4ad66c0 (libc.so.6:memset) redirected to 0x48311d0 (_vgnU_ifunc_wrapper)
--3225-- REDIR: 0x4af2960 (libc.so.6:wcschr) redirected to 0x48311d0 (_vgnU_ifunc_wrapper)
--3225-- REDIR: 0x4ad57f0 (libc.so.6:strnlen) redirected to 0x48311d0 (_vgnU_ifunc_wrapper)
--3225-- REDIR: 0x4ad53b0 (libc.so.6:strcspn) redirected to 0x48311d0 (_vgnU_ifunc_wrapper)
--3225-- REDIR: 0x4ad6980 (libc.so.6:strncasecmp) redirected to 0x48311d0 (_vgnU_ifunc_wrapper)
--3225-- REDIR: 0x4ad5350 (libc.so.6:strcpy) redirected to 0x48311d0 (_vgnU_ifunc_wrapper)
--3225-- REDIR: 0x4ad6ad0 (libc.so.6:memcpy@@GLIBC_2.14) redirected to 0x48311d0 (_vgnU_ifunc_wrapper)
--3225-- REDIR: 0x4af40d0 (libc.so.6:wcsnlen) redirected to 0x48311d0 (_vgnU_ifunc_wrapper)
--3225-- REDIR: 0x4af29e0 (libc.so.6:wcscpy) redirected to 0x48311d0 (_vgnU_ifunc_wrapper)
--3225-- REDIR: 0x4ad59a0 (libc.so.6:strpbrk) redirected to 0x48311d0 (_vgnU_ifunc_wrapper)
--3225-- REDIR: 0x4ad5280 (libc.so.6:index) redirected to 0x48311d0 (_vgnU_ifunc_wrapper)
--3225-- REDIR: 0x4ad57b0 (libc.so.6:strlen) redirected to 0x48311d0 (_vgnU_ifunc_wrapper)
--3225-- REDIR: 0x4aded20 (libc.so.6:memrchr) redirected to 0x48311d0 (_vgnU_ifunc_wrapper)
--3225-- REDIR: 0x4ad69d0 (libc.so.6:strcasecmp_l) redirected to 0x48311d0 (_vgnU_ifunc_wrapper)
--3225-- REDIR: 0x4ad6550 (libc.so.6:memchr) redirected to 0x48311d0 (_vgnU_ifunc_wrapper)
--3225-- REDIR: 0x4af2ab0 (libc.so.6:wcslen) redirected to 0x48311d0 (_vgnU_ifunc_wrapper)
--3225-- REDIR: 0x4ad5c60 (libc.so.6:strspn) redirected to 0x48311d0 (_vgnU_ifunc_wrapper)
--3225-- REDIR: 0x4ad68d0 (libc.so.6:stpncpy) redirected to 0x48311d0 (_vgnU_ifunc_wrapper)
--3225-- REDIR: 0x4ad6870 (libc.so.6:stpcpy) redirected to 0x48311d0 (_vgnU_ifunc_wrapper)
--3225-- REDIR: 0x4ad7e10 (libc.so.6:strchrnul) redirected to 0x48311d0 (_vgnU_ifunc_wrapper)
--3225-- REDIR: 0x4ad6a20 (libc.so.6:strncasecmp_l) redirected to 0x48311d0 (_vgnU_ifunc_wrapper)
--3225-- REDIR: 0x4bbe300 (libc.so.6:__strrchr_avx2) redirected to 0x483ea10 (rindex)
--3225-- REDIR: 0x4ad0260 (libc.so.6:malloc) redirected to 0x483b780 (malloc)
--3225-- REDIR: 0x4bbe4d0 (libc.so.6:__strlen_avx2) redirected to 0x483ef40 (strlen)
--3225-- REDIR: 0x4bbaac0 (libc.so.6:__memcmp_avx2_movbe) redirected to 0x48421e0 (bcmp)
--3225-- REDIR: 0x4bb99d0 (libc.so.6:__strcmp_avx2) redirected to 0x483fed0 (strcmp)
--3225-- REDIR: 0x48fcc10 (libstdc++.so.6:operator new(unsigned long)) redirected to 0x483bdf0 (operator new(unsigned long))
--3225-- REDIR: 0x4bc14c0 (libc.so.6:__mempcpy_avx_unaligned_erms) redirected to 0x4843660 (mempcpy)
==3225== Conditional jump or move depends on uninitialised value(s)
==3225==    at 0x1094B0: LinkedList<int>::push_back(int) (LinkedList.h:35)
==3225==    by 0x1092E5: main (main.cpp:11)
==3225== 
==3225== Conditional jump or move depends on uninitialised value(s)
==3225==    at 0x1094B0: LinkedList<int>::push_back(int) (LinkedList.h:35)
==3225==    by 0x1092F6: main (main.cpp:12)
==3225== 
==3225== Conditional jump or move depends on uninitialised value(s)
==3225==    at 0x10957E: LinkedList<int>::print() (LinkedList.h:103)
==3225==    by 0x109302: main (main.cpp:13)
==3225== 
==3225== Conditional jump or move depends on uninitialised value(s)
==3225==    at 0x1095BE: LinkedList<int>::print() (LinkedList.h:107)
==3225==    by 0x109302: main (main.cpp:13)
==3225== 
==3225== Conditional jump or move depends on uninitialised value(s)
==3225==    at 0x109753: LinkedList<int>::size() (LinkedList.h:58)
==3225==    by 0x10962C: LinkedList<int>::del_index(int) (LinkedList.h:73)
==3225==    by 0x109329: main (main.cpp:15)
==3225== 
==3225== Conditional jump or move depends on uninitialised value(s)
==3225==    at 0x10976E: LinkedList<int>::size() (LinkedList.h:62)
==3225==    by 0x10962C: LinkedList<int>::del_index(int) (LinkedList.h:73)
==3225==    by 0x109329: main (main.cpp:15)
==3225== 
==3225== Conditional jump or move depends on uninitialised value(s)
==3225==    at 0x109753: LinkedList<int>::size() (LinkedList.h:58)
==3225==    by 0x109690: LinkedList<int>::del_index(int) (LinkedList.h:82)
==3225==    by 0x109329: main (main.cpp:15)
==3225== 
==3225== Conditional jump or move depends on uninitialised value(s)
==3225==    at 0x10976E: LinkedList<int>::size() (LinkedList.h:62)
==3225==    by 0x109690: LinkedList<int>::del_index(int) (LinkedList.h:82)
==3225==    by 0x109329: main (main.cpp:15)
==3225== 
==3225== Conditional jump or move depends on uninitialised value(s)
==3225==    at 0x10957E: LinkedList<int>::print() (LinkedList.h:103)
==3225==    by 0x109335: main (main.cpp:16)
==3225== 
==3225== Conditional jump or move depends on uninitialised value(s)
==3225==    at 0x1095BE: LinkedList<int>::print() (LinkedList.h:107)
==3225==    by 0x109335: main (main.cpp:16)
==3225== 
==3225== Conditional jump or move depends on uninitialised value(s)
==3225==    at 0x109753: LinkedList<int>::size() (LinkedList.h:58)
==3225==    by 0x109373: main (main.cpp:18)
==3225== 
==3225== Conditional jump or move depends on uninitialised value(s)
==3225==    at 0x10976E: LinkedList<int>::size() (LinkedList.h:62)
==3225==    by 0x109373: main (main.cpp:18)
==3225== 
--3225-- REDIR: 0x4ad0850 (libc.so.6:free) redirected to 0x483c9d0 (free)
==3225== 
==3225== HEAP SUMMARY:
==3225==     in use at exit: 80 bytes in 5 blocks
==3225==   total heap usage: 7 allocs, 2 frees, 73,808 bytes allocated
==3225== 
==3225== Searching for pointers to 5 not-freed blocks
==3225== Checked 114,920 bytes
==3225== 
==3225== 16 bytes in 1 blocks are definitely lost in loss record 4 of 5
==3225==    at 0x483BE63: operator new(unsigned long) (in /usr/lib/x86_64-linux-gnu/valgrind/vgpreload_memcheck-amd64-linux.so)
==3225==    by 0x109431: LinkedList<int>::LinkedList() (LinkedList.h:16)
==3225==    by 0x10926F: main (main.cpp:6)
==3225== 
==3225== 64 (16 direct, 48 indirect) bytes in 1 blocks are definitely lost in loss record 5 of 5
==3225==    at 0x483BE63: operator new(unsigned long) (in /usr/lib/x86_64-linux-gnu/valgrind/vgpreload_memcheck-amd64-linux.so)
==3225==    by 0x109532: LinkedList<int>::push_front(int) (LinkedList.h:49)
==3225==    by 0x1092C3: main (main.cpp:9)
==3225== 
==3225== LEAK SUMMARY:
==3225==    definitely lost: 32 bytes in 2 blocks
==3225==    indirectly lost: 48 bytes in 3 blocks
==3225==      possibly lost: 0 bytes in 0 blocks
==3225==    still reachable: 0 bytes in 0 blocks
==3225==         suppressed: 0 bytes in 0 blocks
==3225== 
==3225== Use --track-origins=yes to see where uninitialised values come from
==3225== ERROR SUMMARY: 14 errors from 14 contexts (suppressed: 0 from 0)
==3225== 
==3225== 1 errors in context 1 of 14:
==3225== Conditional jump or move depends on uninitialised value(s)
==3225==    at 0x10976E: LinkedList<int>::size() (LinkedList.h:62)
==3225==    by 0x109373: main (main.cpp:18)
==3225== 
==3225== 
==3225== 1 errors in context 2 of 14:
==3225== Conditional jump or move depends on uninitialised value(s)
==3225==    at 0x109753: LinkedList<int>::size() (LinkedList.h:58)
==3225==    by 0x109373: main (main.cpp:18)
==3225== 
==3225== 
==3225== 1 errors in context 3 of 14:
==3225== Conditional jump or move depends on uninitialised value(s)
==3225==    at 0x1095BE: LinkedList<int>::print() (LinkedList.h:107)
==3225==    by 0x109335: main (main.cpp:16)
==3225== 
==3225== 
==3225== 1 errors in context 4 of 14:
==3225== Conditional jump or move depends on uninitialised value(s)
==3225==    at 0x10957E: LinkedList<int>::print() (LinkedList.h:103)
==3225==    by 0x109335: main (main.cpp:16)
==3225== 
==3225== 
==3225== 1 errors in context 5 of 14:
==3225== Conditional jump or move depends on uninitialised value(s)
==3225==    at 0x10976E: LinkedList<int>::size() (LinkedList.h:62)
==3225==    by 0x109690: LinkedList<int>::del_index(int) (LinkedList.h:82)
==3225==    by 0x109329: main (main.cpp:15)
==3225== 
==3225== 
==3225== 1 errors in context 6 of 14:
==3225== Conditional jump or move depends on uninitialised value(s)
==3225==    at 0x109753: LinkedList<int>::size() (LinkedList.h:58)
==3225==    by 0x109690: LinkedList<int>::del_index(int) (LinkedList.h:82)
==3225==    by 0x109329: main (main.cpp:15)
==3225== 
==3225== 
==3225== 1 errors in context 7 of 14:
==3225== Conditional jump or move depends on uninitialised value(s)
==3225==    at 0x10976E: LinkedList<int>::size() (LinkedList.h:62)
==3225==    by 0x10962C: LinkedList<int>::del_index(int) (LinkedList.h:73)
==3225==    by 0x109329: main (main.cpp:15)
==3225== 
==3225== 
==3225== 1 errors in context 8 of 14:
==3225== Conditional jump or move depends on uninitialised value(s)
==3225==    at 0x109753: LinkedList<int>::size() (LinkedList.h:58)
==3225==    by 0x10962C: LinkedList<int>::del_index(int) (LinkedList.h:73)
==3225==    by 0x109329: main (main.cpp:15)
==3225== 
==3225== 
==3225== 1 errors in context 9 of 14:
==3225== Conditional jump or move depends on uninitialised value(s)
==3225==    at 0x1095BE: LinkedList<int>::print() (LinkedList.h:107)
==3225==    by 0x109302: main (main.cpp:13)
==3225== 
==3225== 
==3225== 1 errors in context 10 of 14:
==3225== Conditional jump or move depends on uninitialised value(s)
==3225==    at 0x10957E: LinkedList<int>::print() (LinkedList.h:103)
==3225==    by 0x109302: main (main.cpp:13)
==3225== 
==3225== 
==3225== 1 errors in context 11 of 14:
==3225== Conditional jump or move depends on uninitialised value(s)
==3225==    at 0x1094B0: LinkedList<int>::push_back(int) (LinkedList.h:35)
==3225==    by 0x1092F6: main (main.cpp:12)
==3225== 
==3225== 
==3225== 1 errors in context 12 of 14:
==3225== Conditional jump or move depends on uninitialised value(s)
==3225==    at 0x1094B0: LinkedList<int>::push_back(int) (LinkedList.h:35)
==3225==    by 0x1092E5: main (main.cpp:11)
==3225== 
==3225== ERROR SUMMARY: 14 errors from 14 contexts (suppressed: 0 from 0)
